[     861ms] [ERROR] Failed to load resource: the server responded with a status of 404 (Not Found) @ http://localhost:3000/favicon.ico:0
[     887ms] [ERROR] Failed to load resource: the server responded with a status of 401 (Unauthorized) @ http://localhost:8000/api/v1/events/stream?token=eyJhbGciOiJIUzI1NiIsInR5cCI6IkpXVCJ9.eyJzdWIiOiJhZG1pbkBrdWJlbmVzdC5pbyIsImV4cCI6MTc3MTMzMjIzMSwidG9rZW5fdHlwZSI6ImFjY2VzcyJ9.O7k9qW7EIz-u_M-lDbz8mdXa7bDJIuuUrlMiFON46TM:0
[     888ms] [ERROR] Failed to load resource: the server responded with a status of 401 (Unauthorized) @ http://localhost:8000/api/v1/events/stream?token=eyJhbGciOiJIUzI1NiIsInR5cCI6IkpXVCJ9.eyJzdWIiOiJhZG1pbkBrdWJlbmVzdC5pbyIsImV4cCI6MTc3MTMzMjIzMSwidG9rZW5fdHlwZSI6ImFjY2VzcyJ9.O7k9qW7EIz-u_M-lDbz8mdXa7bDJIuuUrlMiFON46TM:0
[    2300ms] [ERROR] Failed to load resource: the server responded with a status of 401 (Unauthorized) @ http://localhost:8000/api/v1/events/stream?token=eyJhbGciOiJIUzI1NiIsInR5cCI6IkpXVCJ9.eyJzdWIiOiJhZG1pbkBrdWJlbmVzdC5pbyIsImV4cCI6MTc3MTMzMjIzMSwidG9rZW5fdHlwZSI6ImFjY2VzcyJ9.O7k9qW7EIz-u_M-lDbz8mdXa7bDJIuuUrlMiFON46TM:0
[    2668ms] [ERROR] Failed to load resource: the server responded with a status of 401 (Unauthorized) @ http://localhost:8000/api/v1/events/stream?token=eyJhbGciOiJIUzI1NiIsInR5cCI6IkpXVCJ9.eyJzdWIiOiJhZG1pbkBrdWJlbmVzdC5pbyIsImV4cCI6MTc3MTMzMjIzMSwidG9rZW5fdHlwZSI6ImFjY2VzcyJ9.O7k9qW7EIz-u_M-lDbz8mdXa7bDJIuuUrlMiFON46TM:0
[    5102ms] [ERROR] Failed to load resource: the server responded with a status of 401 (Unauthorized) @ http://localhost:8000/api/v1/events/stream?token=eyJhbGciOiJIUzI1NiIsInR5cCI6IkpXVCJ9.eyJzdWIiOiJhZG1pbkBrdWJlbmVzdC5pbyIsImV4cCI6MTc3MTMzMjIzMSwidG9rZW5fdHlwZSI6ImFjY2VzcyJ9.O7k9qW7EIz-u_M-lDbz8mdXa7bDJIuuUrlMiFON46TM:0
[    5410ms] [ERROR] Failed to load resource: the server responded with a status of 401 (Unauthorized) @ http://localhost:8000/api/v1/events/stream?token=eyJhbGciOiJIUzI1NiIsInR5cCI6IkpXVCJ9.eyJzdWIiOiJhZG1pbkBrdWJlbmVzdC5pbyIsImV4cCI6MTc3MTMzMjIzMSwidG9rZW5fdHlwZSI6ImFjY2VzcyJ9.O7k9qW7EIz-u_M-lDbz8mdXa7bDJIuuUrlMiFON46TM:0
[    7918ms] [ERROR] Failed to load resource: the server responded with a status of 401 (Unauthorized) @ http://localhost:8000/api/v1/events/stream?token=eyJhbGciOiJIUzI1NiIsInR5cCI6IkpXVCJ9.eyJzdWIiOiJhZG1pbkBrdWJlbmVzdC5pbyIsImV4cCI6MTc3MTMzMjQyMiwidG9rZW5fdHlwZSI6ImFjY2VzcyJ9.0xEkWEgM-tXdrYO68u_u5v6Q7gVQ1dc2Uq2izwztTdw:0
[    7922ms] [ERROR] Failed to load resource: the server responded with a status of 401 (Unauthorized) @ http://localhost:8000/api/v1/events/stream?token=eyJhbGciOiJIUzI1NiIsInR5cCI6IkpXVCJ9.eyJzdWIiOiJhZG1pbkBrdWJlbmVzdC5pbyIsImV4cCI6MTc3MTMzMjQyMiwidG9rZW5fdHlwZSI6ImFjY2VzcyJ9.0xEkWEgM-tXdrYO68u_u5v6Q7gVQ1dc2Uq2izwztTdw:0
[   12496ms] [ERROR] Failed to load resource: the server responded with a status of 401 (Unauthorized) @ http://localhost:8000/api/v1/events/stream?token=eyJhbGciOiJIUzI1NiIsInR5cCI6IkpXVCJ9.eyJzdWIiOiJhZG1pbkBrdWJlbmVzdC5pbyIsImV4cCI6MTc3MTMzMjQyMiwidG9rZW5fdHlwZSI6ImFjY2VzcyJ9.0xEkWEgM-tXdrYO68u_u5v6Q7gVQ1dc2Uq2izwztTdw:0
[   12729ms] [ERROR] Failed to load resource: the server responded with a status of 401 (Unauthorized) @ http://localhost:8000/api/v1/events/stream?token=eyJhbGciOiJIUzI1NiIsInR5cCI6IkpXVCJ9.eyJzdWIiOiJhZG1pbkBrdWJlbmVzdC5pbyIsImV4cCI6MTc3MTMzMjQyMiwidG9rZW5fdHlwZSI6ImFjY2VzcyJ9.0xEkWEgM-tXdrYO68u_u5v6Q7gVQ1dc2Uq2izwztTdw:0
[   20703ms] [ERROR] Failed to load resource: the server responded with a status of 401 (Unauthorized) @ http://localhost:8000/api/v1/events/stream?token=eyJhbGciOiJIUzI1NiIsInR5cCI6IkpXVCJ9.eyJzdWIiOiJhZG1pbkBrdWJlbmVzdC5pbyIsImV4cCI6MTc3MTMzMjQyMiwidG9rZW5fdHlwZSI6ImFjY2VzcyJ9.0xEkWEgM-tXdrYO68u_u5v6Q7gVQ1dc2Uq2izwztTdw:0
[   20791ms] [ERROR] Failed to load resource: the server responded with a status of 401 (Unauthorized) @ http://localhost:8000/api/v1/events/stream?token=eyJhbGciOiJIUzI1NiIsInR5cCI6IkpXVCJ9.eyJzdWIiOiJhZG1pbkBrdWJlbmVzdC5pbyIsImV4cCI6MTc3MTMzMjQyMiwidG9rZW5fdHlwZSI6ImFjY2VzcyJ9.0xEkWEgM-tXdrYO68u_u5v6Q7gVQ1dc2Uq2izwztTdw:0
[   29574ms] [ERROR] Access to fetch at 'http://localhost:8000/api/v1/workloads?project_id=019c6b11-b34c-7420-96ef-9718cb0d2bf9' from origin 'http://localhost:3000' has been blocked by CORS policy: No 'Access-Control-Allow-Origin' header is present on the requested resource. @ http://localhost:3000/projects/019c6b11-b34c-7420-96ef-9718cb0d2bf9:0
[   29575ms] [ERROR] Failed to load resource: net::ERR_FAILED @ http://localhost:8000/api/v1/workloads?project_id=019c6b11-b34c-7420-96ef-9718cb0d2bf9:0
[   30588ms] [ERROR] Access to fetch at 'http://localhost:8000/api/v1/workloads?project_id=019c6b11-b34c-7420-96ef-9718cb0d2bf9' from origin 'http://localhost:3000' has been blocked by CORS policy: No 'Access-Control-Allow-Origin' header is present on the requested resource. @ http://localhost:3000/projects/019c6b11-b34c-7420-96ef-9718cb0d2bf9:0
[   30588ms] [ERROR] Failed to load resource: net::ERR_FAILED @ http://localhost:8000/api/v1/workloads?project_id=019c6b11-b34c-7420-96ef-9718cb0d2bf9:0
[   37069ms] [ERROR] Failed to load resource: the server responded with a status of 401 (Unauthorized) @ http://localhost:8000/api/v1/events/stream?token=eyJhbGciOiJIUzI1NiIsInR5cCI6IkpXVCJ9.eyJzdWIiOiJhZG1pbkBrdWJlbmVzdC5pbyIsImV4cCI6MTc3MTMzMjQyMiwidG9rZW5fdHlwZSI6ImFjY2VzcyJ9.0xEkWEgM-tXdrYO68u_u5v6Q7gVQ1dc2Uq2izwztTdw:0
[   37260ms] [ERROR] Failed to load resource: the server responded with a status of 401 (Unauthorized) @ http://localhost:8000/api/v1/events/stream?token=eyJhbGciOiJIUzI1NiIsInR5cCI6IkpXVCJ9.eyJzdWIiOiJhZG1pbkBrdWJlbmVzdC5pbyIsImV4cCI6MTc3MTMzMjQyMiwidG9rZW5fdHlwZSI6ImFjY2VzcyJ9.0xEkWEgM-tXdrYO68u_u5v6Q7gVQ1dc2Uq2izwztTdw:0
[   59806ms] [ERROR] Failed to load resource: the server responded with a status of 401 (Unauthorized) @ http://localhost:8000/api/v1/events/stream?token=eyJhbGciOiJIUzI1NiIsInR5cCI6IkpXVCJ9.eyJzdWIiOiJhZG1pbkBrdWJlbmVzdC5pbyIsImV4cCI6MTc3MTMzMjQyMiwidG9rZW5fdHlwZSI6ImFjY2VzcyJ9.0xEkWEgM-tXdrYO68u_u5v6Q7gVQ1dc2Uq2izwztTdw:0
[   59806ms] [ERROR] Failed to load resource: the server responded with a status of 401 (Unauthorized) @ http://localhost:8000/api/v1/events/stream?token=eyJhbGciOiJIUzI1NiIsInR5cCI6IkpXVCJ9.eyJzdWIiOiJhZG1pbkBrdWJlbmVzdC5pbyIsImV4cCI6MTc3MTMzMjQyMiwidG9rZW5fdHlwZSI6ImFjY2VzcyJ9.0xEkWEgM-tXdrYO68u_u5v6Q7gVQ1dc2Uq2izwztTdw:0
[   59842ms] [ERROR] Access to fetch at 'http://localhost:8000/api/v1/workloads?project_id=019c6b11-b34c-7420-96ef-9718cb0d2bf9' from origin 'http://localhost:3000' has been blocked by CORS policy: No 'Access-Control-Allow-Origin' header is present on the requested resource. @ http://localhost:3000/projects/019c6b11-b34c-7420-96ef-9718cb0d2bf9:0
[   59842ms] [ERROR] Failed to load resource: net::ERR_FAILED @ http://localhost:8000/api/v1/workloads?project_id=019c6b11-b34c-7420-96ef-9718cb0d2bf9:0
[   60855ms] [ERROR] Access to fetch at 'http://localhost:8000/api/v1/workloads?project_id=019c6b11-b34c-7420-96ef-9718cb0d2bf9' from origin 'http://localhost:3000' has been blocked by CORS policy: No 'Access-Control-Allow-Origin' header is present on the requested resource. @ http://localhost:3000/projects/019c6b11-b34c-7420-96ef-9718cb0d2bf9:0
[   60855ms] [ERROR] Failed to load resource: net::ERR_FAILED @ http://localhost:8000/api/v1/workloads?project_id=019c6b11-b34c-7420-96ef-9718cb0d2bf9:0
[   60985ms] [ERROR] Failed to load resource: the server responded with a status of 401 (Unauthorized) @ http://localhost:8000/api/v1/events/stream?token=eyJhbGciOiJIUzI1NiIsInR5cCI6IkpXVCJ9.eyJzdWIiOiJhZG1pbkBrdWJlbmVzdC5pbyIsImV4cCI6MTc3MTMzMjQyMiwidG9rZW5fdHlwZSI6ImFjY2VzcyJ9.0xEkWEgM-tXdrYO68u_u5v6Q7gVQ1dc2Uq2izwztTdw:0
[   61324ms] [ERROR] Failed to load resource: the server responded with a status of 401 (Unauthorized) @ http://localhost:8000/api/v1/events/stream?token=eyJhbGciOiJIUzI1NiIsInR5cCI6IkpXVCJ9.eyJzdWIiOiJhZG1pbkBrdWJlbmVzdC5pbyIsImV4cCI6MTc3MTMzMjQyMiwidG9rZW5fdHlwZSI6ImFjY2VzcyJ9.0xEkWEgM-tXdrYO68u_u5v6Q7gVQ1dc2Uq2izwztTdw:0
[   61546ms] [ERROR] Access to fetch at 'http://localhost:8000/api/v1/workloads?project_id=019c6b11-b34c-7420-96ef-9718cb0d2bf9' from origin 'http://localhost:3000' has been blocked by CORS policy: No 'Access-Control-Allow-Origin' header is present on the requested resource. @ http://localhost:3000/projects/019c6b11-b34c-7420-96ef-9718cb0d2bf9:0
[   61546ms] [ERROR] Failed to load resource: net::ERR_FAILED @ http://localhost:8000/api/v1/workloads?project_id=019c6b11-b34c-7420-96ef-9718cb0d2bf9:0
[   62565ms] [ERROR] Failed to load resource: the server responded with a status of 500 (Internal Server Error) @ http://localhost:3000/api/v1/workloads?project_id=019c6b11-b34c-7420-96ef-9718cb0d2bf9:0
[   63159ms] [ERROR] Failed to load resource: the server responded with a status of 401 (Unauthorized) @ http://localhost:8000/api/v1/events/stream?token=eyJhbGciOiJIUzI1NiIsInR5cCI6IkpXVCJ9.eyJzdWIiOiJhZG1pbkBrdWJlbmVzdC5pbyIsImV4cCI6MTc3MTMzMjQyMiwidG9rZW5fdHlwZSI6ImFjY2VzcyJ9.0xEkWEgM-tXdrYO68u_u5v6Q7gVQ1dc2Uq2izwztTdw:0
[   64116ms] [ERROR] Failed to load resource: the server responded with a status of 401 (Unauthorized) @ http://localhost:8000/api/v1/events/stream?token=eyJhbGciOiJIUzI1NiIsInR5cCI6IkpXVCJ9.eyJzdWIiOiJhZG1pbkBrdWJlbmVzdC5pbyIsImV4cCI6MTc3MTMzMjQyMiwidG9rZW5fdHlwZSI6ImFjY2VzcyJ9.0xEkWEgM-tXdrYO68u_u5v6Q7gVQ1dc2Uq2izwztTdw:0
[   67839ms] [ERROR] Failed to load resource: the server responded with a status of 401 (Unauthorized) @ http://localhost:8000/api/v1/events/stream?token=eyJhbGciOiJIUzI1NiIsInR5cCI6IkpXVCJ9.eyJzdWIiOiJhZG1pbkBrdWJlbmVzdC5pbyIsImV4cCI6MTc3MTMzMjQyMiwidG9rZW5fdHlwZSI6ImFjY2VzcyJ9.0xEkWEgM-tXdrYO68u_u5v6Q7gVQ1dc2Uq2izwztTdw:0
[   68559ms] [ERROR] Failed to load resource: the server responded with a status of 401 (Unauthorized) @ http://localhost:8000/api/v1/events/stream?token=eyJhbGciOiJIUzI1NiIsInR5cCI6IkpXVCJ9.eyJzdWIiOiJhZG1pbkBrdWJlbmVzdC5pbyIsImV4cCI6MTc3MTMzMjQyMiwidG9rZW5fdHlwZSI6ImFjY2VzcyJ9.0xEkWEgM-tXdrYO68u_u5v6Q7gVQ1dc2Uq2izwztTdw:0
[   71210ms] [ERROR] Failed to load resource: the server responded with a status of 500 (Internal Server Error) @ http://localhost:3000/api/v1/workloads?project_id=019c6b11-b34c-7420-96ef-9718cb0d2bf9:0
[   72222ms] [ERROR] Failed to load resource: the server responded with a status of 500 (Internal Server Error) @ http://localhost:3000/api/v1/workloads?project_id=019c6b11-b34c-7420-96ef-9718cb0d2bf9:0
[   76328ms] [ERROR] Failed to load resource: the server responded with a status of 401 (Unauthorized) @ http://localhost:8000/api/v1/events/stream?token=eyJhbGciOiJIUzI1NiIsInR5cCI6IkpXVCJ9.eyJzdWIiOiJhZG1pbkBrdWJlbmVzdC5pbyIsImV4cCI6MTc3MTMzMjQyMiwidG9rZW5fdHlwZSI6ImFjY2VzcyJ9.0xEkWEgM-tXdrYO68u_u5v6Q7gVQ1dc2Uq2izwztTdw:0
[   76970ms] [ERROR] Failed to load resource: the server responded with a status of 401 (Unauthorized) @ http://localhost:8000/api/v1/events/stream?token=eyJhbGciOiJIUzI1NiIsInR5cCI6IkpXVCJ9.eyJzdWIiOiJhZG1pbkBrdWJlbmVzdC5pbyIsImV4cCI6MTc3MTMzMjQyMiwidG9rZW5fdHlwZSI6ImFjY2VzcyJ9.0xEkWEgM-tXdrYO68u_u5v6Q7gVQ1dc2Uq2izwztTdw:0
