[     462ms] Error: Could not parse module '[project]/components/layout/AppLayout.tsx', file not found
    at module evaluation (http://localhost:3002/_next/static/chunks/_40ea0cca._.js:1419:11)
    at http://localhost:3002/_next/static/chunks/turbopack-_45210fd5._.js:855:13
    at runModuleExecutionHooks (http://localhost:3002/_next/static/chunks/turbopack-_45210fd5._.js:880:13)
    at instantiateModule (http://localhost:3002/_next/static/chunks/turbopack-_45210fd5._.js:853:9)
    at getOrInstantiateModuleFromParent (http://localhost:3002/_next/static/chunks/turbopack-_45210fd5._.js:806:12)
    at DevContext.commonJsRequire [as r] (http://localhost:3002/_next/static/chunks/turbopack-_45210fd5._.js:259:12)
    at requireModule (http://localhost:3002/_next/static/chunks/node_modules_next_dist_compiled_react-server-dom-turbopack_9212ccad._.js:85:84)
    at initializeModuleChunk (http://localhost:3002/_next/static/chunks/node_modules_next_dist_compiled_react-server-dom-turbopack_9212ccad._.js:1070:25)
    at readChunk (http://localhost:3002/_next/static/chunks/node_modules_next_dist_compiled_react-server-dom-turbopack_9212ccad._.js:811:17)
    at Object.react_stack_bottom_frame (http://localhost:3002/_next/static/chunks/node_modules_next_dist_compiled_react-dom_1e674e59._.js:14880:20)
    at resolveLazy (http://localhost:3002/_next/static/chunks/node_modules_next_dist_compiled_react-dom_1e674e59._.js:3889:20)
    at beginWork (http://localhost:3002/_next/static/chunks/node_modules_next_dist_compiled_react-dom_1e674e59._.js:6681:77)
    at runWithFiberInDEV (http://localhost:3002/_next/static/chunks/node_modules_next_dist_compiled_react-dom_1e674e59._.js:959:74)
    at performUnitOfWork (http://localhost:3002/_next/static/chunks/node_modules_next_dist_compiled_react-dom_1e674e59._.js:9556:97)
    at workLoopConcurrentByScheduler (http://localhost:3002/_next/static/chunks/node_modules_next_dist_compiled_react-dom_1e674e59._.js:9552:58)
    at renderRootConcurrent (http://localhost:3002/_next/static/chunks/node_modules_next_dist_compiled_react-dom_1e674e59._.js:9535:71)
    at performWorkOnRoot (http://localhost:3002/_next/static/chunks/node_modules_next_dist_compiled_react-dom_1e674e59._.js:9062:150)
    at performWorkOnRootViaSchedulerTask (http://localhost:3002/_next/static/chunks/node_modules_next_dist_compiled_react-dom_1e674e59._.js:10224:9)
    at MessagePort.performWorkUntilDeadline (http://localhost:3002/_next/static/chunks/node_modules_next_dist_compiled_a0e4c7b4._.js:2647:64)
[     465ms] [ERROR] Failed to load resource: the server responded with a status of 404 (Not Found) @ http://localhost:3002/favicon.ico:0
