[     192ms] [WARNING] motion() is deprecated. Use motion.create() instead. @ http://localhost:3002/_next/static/chunks/node_modules_next_dist_7a8122d0._.js:2287
[     253ms] [ERROR] Access to resource at 'http://localhost:8000/api/v1/events/stream?token=eyJhbGciOiJIUzI1NiIsInR5cCI6IkpXVCJ9.eyJzdWIiOiJhZG1pbkBrdWJlbmVzdC5pbyIsImV4cCI6MTc3MTQ4Mzc1NywidG9rZW5fdHlwZSI6ImFjY2VzcyJ9.mAI-w76KijJoZ9e-fXhoqBvcLg7Amb_56xFyXbFSNRU' from origin 'http://localhost:3002' has been blocked by CORS policy: No 'Access-Control-Allow-Origin' header is present on the requested resource. @ http://localhost:3002/dashboard:0
[     253ms] [ERROR] Failed to load resource: net::ERR_FAILED @ http://localhost:8000/api/v1/events/stream?token=eyJhbGciOiJIUzI1NiIsInR5cCI6IkpXVCJ9.eyJzdWIiOiJhZG1pbkBrdWJlbmVzdC5pbyIsImV4cCI6MTc3MTQ4Mzc1NywidG9rZW5fdHlwZSI6ImFjY2VzcyJ9.mAI-w76KijJoZ9e-fXhoqBvcLg7Amb_56xFyXbFSNRU:0
[    1595ms] [ERROR] Access to resource at 'http://localhost:8000/api/v1/events/stream?token=eyJhbGciOiJIUzI1NiIsInR5cCI6IkpXVCJ9.eyJzdWIiOiJhZG1pbkBrdWJlbmVzdC5pbyIsImV4cCI6MTc3MTQ4Mzc1NywidG9rZW5fdHlwZSI6ImFjY2VzcyJ9.mAI-w76KijJoZ9e-fXhoqBvcLg7Amb_56xFyXbFSNRU' from origin 'http://localhost:3002' has been blocked by CORS policy: No 'Access-Control-Allow-Origin' header is present on the requested resource. @ http://localhost:3002/login:0
[    1596ms] [ERROR] Failed to load resource: net::ERR_FAILED @ http://localhost:8000/api/v1/events/stream?token=eyJhbGciOiJIUzI1NiIsInR5cCI6IkpXVCJ9.eyJzdWIiOiJhZG1pbkBrdWJlbmVzdC5pbyIsImV4cCI6MTc3MTQ4Mzc1NywidG9rZW5fdHlwZSI6ImFjY2VzcyJ9.mAI-w76KijJoZ9e-fXhoqBvcLg7Amb_56xFyXbFSNRU:0
[    4488ms] [ERROR] Access to resource at 'http://localhost:8000/api/v1/events/stream?token=eyJhbGciOiJIUzI1NiIsInR5cCI6IkpXVCJ9.eyJzdWIiOiJhZG1pbkBrdWJlbmVzdC5pbyIsImV4cCI6MTc3MTQ4Mzc1NywidG9rZW5fdHlwZSI6ImFjY2VzcyJ9.mAI-w76KijJoZ9e-fXhoqBvcLg7Amb_56xFyXbFSNRU' from origin 'http://localhost:3002' has been blocked by CORS policy: No 'Access-Control-Allow-Origin' header is present on the requested resource. @ http://localhost:3002/login:0
[    4489ms] [ERROR] Failed to load resource: net::ERR_FAILED @ http://localhost:8000/api/v1/events/stream?token=eyJhbGciOiJIUzI1NiIsInR5cCI6IkpXVCJ9.eyJzdWIiOiJhZG1pbkBrdWJlbmVzdC5pbyIsImV4cCI6MTc3MTQ4Mzc1NywidG9rZW5fdHlwZSI6ImFjY2VzcyJ9.mAI-w76KijJoZ9e-fXhoqBvcLg7Amb_56xFyXbFSNRU:0
[    5016ms] [ERROR] Access to resource at 'http://localhost:8000/api/v1/events/stream?token=eyJhbGciOiJIUzI1NiIsInR5cCI6IkpXVCJ9.eyJzdWIiOiJhZG1pbkBrdWJlbmVzdC5pbyIsImV4cCI6MTc3MTQ4Mzc4NCwidG9rZW5fdHlwZSI6ImFjY2VzcyJ9.0BbB_KakW67gjvSudFBzM-l8tOoTKSVMhVCr3S8cA_w' from origin 'http://localhost:3002' has been blocked by CORS policy: No 'Access-Control-Allow-Origin' header is present on the requested resource. @ http://localhost:3002/login:0
[    5016ms] [ERROR] Failed to load resource: net::ERR_FAILED @ http://localhost:8000/api/v1/events/stream?token=eyJhbGciOiJIUzI1NiIsInR5cCI6IkpXVCJ9.eyJzdWIiOiJhZG1pbkBrdWJlbmVzdC5pbyIsImV4cCI6MTc3MTQ4Mzc4NCwidG9rZW5fdHlwZSI6ImFjY2VzcyJ9.0BbB_KakW67gjvSudFBzM-l8tOoTKSVMhVCr3S8cA_w:0
[    9454ms] [ERROR] Access to resource at 'http://localhost:8000/api/v1/events/stream?token=eyJhbGciOiJIUzI1NiIsInR5cCI6IkpXVCJ9.eyJzdWIiOiJhZG1pbkBrdWJlbmVzdC5pbyIsImV4cCI6MTc3MTQ4Mzc4NCwidG9rZW5fdHlwZSI6ImFjY2VzcyJ9.0BbB_KakW67gjvSudFBzM-l8tOoTKSVMhVCr3S8cA_w' from origin 'http://localhost:3002' has been blocked by CORS policy: No 'Access-Control-Allow-Origin' header is present on the requested resource. @ http://localhost:3002/dashboard:0
[    9454ms] [ERROR] Failed to load resource: net::ERR_FAILED @ http://localhost:8000/api/v1/events/stream?token=eyJhbGciOiJIUzI1NiIsInR5cCI6IkpXVCJ9.eyJzdWIiOiJhZG1pbkBrdWJlbmVzdC5pbyIsImV4cCI6MTc3MTQ4Mzc4NCwidG9rZW5fdHlwZSI6ImFjY2VzcyJ9.0BbB_KakW67gjvSudFBzM-l8tOoTKSVMhVCr3S8cA_w:0
[   18257ms] [ERROR] Access to resource at 'http://localhost:8000/api/v1/events/stream?token=eyJhbGciOiJIUzI1NiIsInR5cCI6IkpXVCJ9.eyJzdWIiOiJhZG1pbkBrdWJlbmVzdC5pbyIsImV4cCI6MTc3MTQ4Mzc4NCwidG9rZW5fdHlwZSI6ImFjY2VzcyJ9.0BbB_KakW67gjvSudFBzM-l8tOoTKSVMhVCr3S8cA_w' from origin 'http://localhost:3002' has been blocked by CORS policy: No 'Access-Control-Allow-Origin' header is present on the requested resource. @ http://localhost:3002/clusters/019c6adf-1a45-7007-b5ea-a6fea5e36cc3:0
[   18257ms] [ERROR] Failed to load resource: net::ERR_FAILED @ http://localhost:8000/api/v1/events/stream?token=eyJhbGciOiJIUzI1NiIsInR5cCI6IkpXVCJ9.eyJzdWIiOiJhZG1pbkBrdWJlbmVzdC5pbyIsImV4cCI6MTc3MTQ4Mzc4NCwidG9rZW5fdHlwZSI6ImFjY2VzcyJ9.0BbB_KakW67gjvSudFBzM-l8tOoTKSVMhVCr3S8cA_w:0
[   26290ms] [ERROR] Access to resource at 'http://localhost:8000/api/v1/events/stream?token=eyJhbGciOiJIUzI1NiIsInR5cCI6IkpXVCJ9.eyJzdWIiOiJhZG1pbkBrdWJlbmVzdC5pbyIsImV4cCI6MTc3MTQ4Mzc4NCwidG9rZW5fdHlwZSI6ImFjY2VzcyJ9.0BbB_KakW67gjvSudFBzM-l8tOoTKSVMhVCr3S8cA_w' from origin 'http://localhost:3002' has been blocked by CORS policy: No 'Access-Control-Allow-Origin' header is present on the requested resource. @ http://localhost:3002/clusters/019c6adf-1a45-7007-b5ea-a6fea5e36cc3/projects/new:0
[   26290ms] [ERROR] Failed to load resource: net::ERR_FAILED @ http://localhost:8000/api/v1/events/stream?token=eyJhbGciOiJIUzI1NiIsInR5cCI6IkpXVCJ9.eyJzdWIiOiJhZG1pbkBrdWJlbmVzdC5pbyIsImV4cCI6MTc3MTQ4Mzc4NCwidG9rZW5fdHlwZSI6ImFjY2VzcyJ9.0BbB_KakW67gjvSudFBzM-l8tOoTKSVMhVCr3S8cA_w:0
[   27438ms] [ERROR] Access to resource at 'http://localhost:8000/api/v1/events/stream?token=eyJhbGciOiJIUzI1NiIsInR5cCI6IkpXVCJ9.eyJzdWIiOiJhZG1pbkBrdWJlbmVzdC5pbyIsImV4cCI6MTc3MTQ4Mzc4NCwidG9rZW5fdHlwZSI6ImFjY2VzcyJ9.0BbB_KakW67gjvSudFBzM-l8tOoTKSVMhVCr3S8cA_w' from origin 'http://localhost:3002' has been blocked by CORS policy: No 'Access-Control-Allow-Origin' header is present on the requested resource. @ http://localhost:3002/clusters/019c6adf-1a45-7007-b5ea-a6fea5e36cc3/projects/new:0
[   27438ms] [ERROR] Failed to load resource: net::ERR_FAILED @ http://localhost:8000/api/v1/events/stream?token=eyJhbGciOiJIUzI1NiIsInR5cCI6IkpXVCJ9.eyJzdWIiOiJhZG1pbkBrdWJlbmVzdC5pbyIsImV4cCI6MTc3MTQ4Mzc4NCwidG9rZW5fdHlwZSI6ImFjY2VzcyJ9.0BbB_KakW67gjvSudFBzM-l8tOoTKSVMhVCr3S8cA_w:0
[   29712ms] [ERROR] Access to resource at 'http://localhost:8000/api/v1/events/stream?token=eyJhbGciOiJIUzI1NiIsInR5cCI6IkpXVCJ9.eyJzdWIiOiJhZG1pbkBrdWJlbmVzdC5pbyIsImV4cCI6MTc3MTQ4Mzc4NCwidG9rZW5fdHlwZSI6ImFjY2VzcyJ9.0BbB_KakW67gjvSudFBzM-l8tOoTKSVMhVCr3S8cA_w' from origin 'http://localhost:3002' has been blocked by CORS policy: No 'Access-Control-Allow-Origin' header is present on the requested resource. @ http://localhost:3002/clusters/019c6adf-1a45-7007-b5ea-a6fea5e36cc3/projects/new:0
[   29712ms] [ERROR] Failed to load resource: net::ERR_FAILED @ http://localhost:8000/api/v1/events/stream?token=eyJhbGciOiJIUzI1NiIsInR5cCI6IkpXVCJ9.eyJzdWIiOiJhZG1pbkBrdWJlbmVzdC5pbyIsImV4cCI6MTc3MTQ4Mzc4NCwidG9rZW5fdHlwZSI6ImFjY2VzcyJ9.0BbB_KakW67gjvSudFBzM-l8tOoTKSVMhVCr3S8cA_w:0
[   33759ms] [ERROR] Access to resource at 'http://localhost:8000/api/v1/events/stream?token=eyJhbGciOiJIUzI1NiIsInR5cCI6IkpXVCJ9.eyJzdWIiOiJhZG1pbkBrdWJlbmVzdC5pbyIsImV4cCI6MTc3MTQ4Mzc4NCwidG9rZW5fdHlwZSI6ImFjY2VzcyJ9.0BbB_KakW67gjvSudFBzM-l8tOoTKSVMhVCr3S8cA_w' from origin 'http://localhost:3002' has been blocked by CORS policy: No 'Access-Control-Allow-Origin' header is present on the requested resource. @ http://localhost:3002/clusters/019c6adf-1a45-7007-b5ea-a6fea5e36cc3/projects/new:0
[   33759ms] [ERROR] Failed to load resource: net::ERR_FAILED @ http://localhost:8000/api/v1/events/stream?token=eyJhbGciOiJIUzI1NiIsInR5cCI6IkpXVCJ9.eyJzdWIiOiJhZG1pbkBrdWJlbmVzdC5pbyIsImV4cCI6MTc3MTQ4Mzc4NCwidG9rZW5fdHlwZSI6ImFjY2VzcyJ9.0BbB_KakW67gjvSudFBzM-l8tOoTKSVMhVCr3S8cA_w:0
[   38522ms] [ERROR] Access to resource at 'http://localhost:8000/api/v1/events/stream?token=eyJhbGciOiJIUzI1NiIsInR5cCI6IkpXVCJ9.eyJzdWIiOiJhZG1pbkBrdWJlbmVzdC5pbyIsImV4cCI6MTc3MTQ4Mzc4NCwidG9rZW5fdHlwZSI6ImFjY2VzcyJ9.0BbB_KakW67gjvSudFBzM-l8tOoTKSVMhVCr3S8cA_w' from origin 'http://localhost:3002' has been blocked by CORS policy: No 'Access-Control-Allow-Origin' header is present on the requested resource. @ http://localhost:3002/clusters/019c6adf-1a45-7007-b5ea-a6fea5e36cc3:0
[   38522ms] [ERROR] Failed to load resource: net::ERR_FAILED @ http://localhost:8000/api/v1/events/stream?token=eyJhbGciOiJIUzI1NiIsInR5cCI6IkpXVCJ9.eyJzdWIiOiJhZG1pbkBrdWJlbmVzdC5pbyIsImV4cCI6MTc3MTQ4Mzc4NCwidG9rZW5fdHlwZSI6ImFjY2VzcyJ9.0BbB_KakW67gjvSudFBzM-l8tOoTKSVMhVCr3S8cA_w:0
[   40098ms] [ERROR] Access to resource at 'http://localhost:8000/api/v1/events/stream?token=eyJhbGciOiJIUzI1NiIsInR5cCI6IkpXVCJ9.eyJzdWIiOiJhZG1pbkBrdWJlbmVzdC5pbyIsImV4cCI6MTc3MTQ4Mzc4NCwidG9rZW5fdHlwZSI6ImFjY2VzcyJ9.0BbB_KakW67gjvSudFBzM-l8tOoTKSVMhVCr3S8cA_w' from origin 'http://localhost:3002' has been blocked by CORS policy: No 'Access-Control-Allow-Origin' header is present on the requested resource. @ http://localhost:3002/login:0
[   40098ms] [ERROR] Failed to load resource: net::ERR_FAILED @ http://localhost:8000/api/v1/events/stream?token=eyJhbGciOiJIUzI1NiIsInR5cCI6IkpXVCJ9.eyJzdWIiOiJhZG1pbkBrdWJlbmVzdC5pbyIsImV4cCI6MTc3MTQ4Mzc4NCwidG9rZW5fdHlwZSI6ImFjY2VzcyJ9.0BbB_KakW67gjvSudFBzM-l8tOoTKSVMhVCr3S8cA_w:0
[   43050ms] [ERROR] Access to resource at 'http://localhost:8000/api/v1/events/stream?token=eyJhbGciOiJIUzI1NiIsInR5cCI6IkpXVCJ9.eyJzdWIiOiJhZG1pbkBrdWJlbmVzdC5pbyIsImV4cCI6MTc3MTQ4Mzc4NCwidG9rZW5fdHlwZSI6ImFjY2VzcyJ9.0BbB_KakW67gjvSudFBzM-l8tOoTKSVMhVCr3S8cA_w' from origin 'http://localhost:3002' has been blocked by CORS policy: No 'Access-Control-Allow-Origin' header is present on the requested resource. @ http://localhost:3002/login:0
[   43050ms] [ERROR] Failed to load resource: net::ERR_FAILED @ http://localhost:8000/api/v1/events/stream?token=eyJhbGciOiJIUzI1NiIsInR5cCI6IkpXVCJ9.eyJzdWIiOiJhZG1pbkBrdWJlbmVzdC5pbyIsImV4cCI6MTc3MTQ4Mzc4NCwidG9rZW5fdHlwZSI6ImFjY2VzcyJ9.0BbB_KakW67gjvSudFBzM-l8tOoTKSVMhVCr3S8cA_w:0
[   43070ms] [ERROR] Access to resource at 'http://localhost:8000/api/v1/events/stream?token=eyJhbGciOiJIUzI1NiIsInR5cCI6IkpXVCJ9.eyJzdWIiOiJhZG1pbkBrdWJlbmVzdC5pbyIsImV4cCI6MTc3MTQ4MzgyMiwidG9rZW5fdHlwZSI6ImFjY2VzcyJ9.0WOAp_LVU4v81cageaIQI-Z-N3N1trlq6qDGQLeIMHQ' from origin 'http://localhost:3002' has been blocked by CORS policy: No 'Access-Control-Allow-Origin' header is present on the requested resource. @ http://localhost:3002/login:0
[   43070ms] [ERROR] Failed to load resource: net::ERR_FAILED @ http://localhost:8000/api/v1/events/stream?token=eyJhbGciOiJIUzI1NiIsInR5cCI6IkpXVCJ9.eyJzdWIiOiJhZG1pbkBrdWJlbmVzdC5pbyIsImV4cCI6MTc3MTQ4MzgyMiwidG9rZW5fdHlwZSI6ImFjY2VzcyJ9.0WOAp_LVU4v81cageaIQI-Z-N3N1trlq6qDGQLeIMHQ:0
[   43132ms] [WARNING] motion() is deprecated. Use motion.create() instead. @ http://localhost:3002/_next/static/chunks/node_modules_next_dist_7a8122d0._.js:2287
[   47144ms] [ERROR] Access to resource at 'http://localhost:8000/api/v1/events/stream?token=eyJhbGciOiJIUzI1NiIsInR5cCI6IkpXVCJ9.eyJzdWIiOiJhZG1pbkBrdWJlbmVzdC5pbyIsImV4cCI6MTc3MTQ4MzgyMiwidG9rZW5fdHlwZSI6ImFjY2VzcyJ9.0WOAp_LVU4v81cageaIQI-Z-N3N1trlq6qDGQLeIMHQ' from origin 'http://localhost:3002' has been blocked by CORS policy: No 'Access-Control-Allow-Origin' header is present on the requested resource. @ http://localhost:3002/dashboard:0
[   47145ms] [ERROR] Failed to load resource: net::ERR_FAILED @ http://localhost:8000/api/v1/events/stream?token=eyJhbGciOiJIUzI1NiIsInR5cCI6IkpXVCJ9.eyJzdWIiOiJhZG1pbkBrdWJlbmVzdC5pbyIsImV4cCI6MTc3MTQ4MzgyMiwidG9rZW5fdHlwZSI6ImFjY2VzcyJ9.0WOAp_LVU4v81cageaIQI-Z-N3N1trlq6qDGQLeIMHQ:0
[   55316ms] [ERROR] Access to resource at 'http://localhost:8000/api/v1/events/stream?token=eyJhbGciOiJIUzI1NiIsInR5cCI6IkpXVCJ9.eyJzdWIiOiJhZG1pbkBrdWJlbmVzdC5pbyIsImV4cCI6MTc3MTQ4MzgyMiwidG9rZW5fdHlwZSI6ImFjY2VzcyJ9.0WOAp_LVU4v81cageaIQI-Z-N3N1trlq6qDGQLeIMHQ' from origin 'http://localhost:3002' has been blocked by CORS policy: No 'Access-Control-Allow-Origin' header is present on the requested resource. @ http://localhost:3002/clusters/019c6adf-1a45-7007-b5ea-a6fea5e36cc3:0
[   55316ms] [ERROR] Failed to load resource: net::ERR_FAILED @ http://localhost:8000/api/v1/events/stream?token=eyJhbGciOiJIUzI1NiIsInR5cCI6IkpXVCJ9.eyJzdWIiOiJhZG1pbkBrdWJlbmVzdC5pbyIsImV4cCI6MTc3MTQ4MzgyMiwidG9rZW5fdHlwZSI6ImFjY2VzcyJ9.0WOAp_LVU4v81cageaIQI-Z-N3N1trlq6qDGQLeIMHQ:0
[   72163ms] [ERROR] Access to resource at 'http://localhost:8000/api/v1/events/stream?token=eyJhbGciOiJIUzI1NiIsInR5cCI6IkpXVCJ9.eyJzdWIiOiJhZG1pbkBrdWJlbmVzdC5pbyIsImV4cCI6MTc3MTQ4MzgyMiwidG9rZW5fdHlwZSI6ImFjY2VzcyJ9.0WOAp_LVU4v81cageaIQI-Z-N3N1trlq6qDGQLeIMHQ' from origin 'http://localhost:3002' has been blocked by CORS policy: No 'Access-Control-Allow-Origin' header is present on the requested resource. @ http://localhost:3002/projects/019c6b00-2caa-725a-b974-2fd911f8a024/workloads/new:0
[   72163ms] [ERROR] Failed to load resource: net::ERR_FAILED @ http://localhost:8000/api/v1/events/stream?token=eyJhbGciOiJIUzI1NiIsInR5cCI6IkpXVCJ9.eyJzdWIiOiJhZG1pbkBrdWJlbmVzdC5pbyIsImV4cCI6MTc3MTQ4MzgyMiwidG9rZW5fdHlwZSI6ImFjY2VzcyJ9.0WOAp_LVU4v81cageaIQI-Z-N3N1trlq6qDGQLeIMHQ:0
[  103140ms] [ERROR] Access to resource at 'http://localhost:8000/api/v1/events/stream?token=eyJhbGciOiJIUzI1NiIsInR5cCI6IkpXVCJ9.eyJzdWIiOiJhZG1pbkBrdWJlbmVzdC5pbyIsImV4cCI6MTc3MTQ4MzgyMiwidG9rZW5fdHlwZSI6ImFjY2VzcyJ9.0WOAp_LVU4v81cageaIQI-Z-N3N1trlq6qDGQLeIMHQ' from origin 'http://localhost:3002' has been blocked by CORS policy: No 'Access-Control-Allow-Origin' header is present on the requested resource. @ http://localhost:3002/projects/019c6b00-2caa-725a-b974-2fd911f8a024/workloads/new:0
[  103141ms] [ERROR] Failed to load resource: net::ERR_FAILED @ http://localhost:8000/api/v1/events/stream?token=eyJhbGciOiJIUzI1NiIsInR5cCI6IkpXVCJ9.eyJzdWIiOiJhZG1pbkBrdWJlbmVzdC5pbyIsImV4cCI6MTc3MTQ4MzgyMiwidG9rZW5fdHlwZSI6ImFjY2VzcyJ9.0WOAp_LVU4v81cageaIQI-Z-N3N1trlq6qDGQLeIMHQ:0
[  133714ms] [ERROR] Access to resource at 'http://localhost:8000/api/v1/events/stream?token=eyJhbGciOiJIUzI1NiIsInR5cCI6IkpXVCJ9.eyJzdWIiOiJhZG1pbkBrdWJlbmVzdC5pbyIsImV4cCI6MTc3MTQ4MzgyMiwidG9rZW5fdHlwZSI6ImFjY2VzcyJ9.0WOAp_LVU4v81cageaIQI-Z-N3N1trlq6qDGQLeIMHQ' from origin 'http://localhost:3002' has been blocked by CORS policy: No 'Access-Control-Allow-Origin' header is present on the requested resource. @ http://localhost:3002/projects/019c6b00-2caa-725a-b974-2fd911f8a024/workloads/new:0
[  133715ms] [ERROR] Failed to load resource: net::ERR_FAILED @ http://localhost:8000/api/v1/events/stream?token=eyJhbGciOiJIUzI1NiIsInR5cCI6IkpXVCJ9.eyJzdWIiOiJhZG1pbkBrdWJlbmVzdC5pbyIsImV4cCI6MTc3MTQ4MzgyMiwidG9rZW5fdHlwZSI6ImFjY2VzcyJ9.0WOAp_LVU4v81cageaIQI-Z-N3N1trlq6qDGQLeIMHQ:0
[  164189ms] [ERROR] Access to resource at 'http://localhost:8000/api/v1/events/stream?token=eyJhbGciOiJIUzI1NiIsInR5cCI6IkpXVCJ9.eyJzdWIiOiJhZG1pbkBrdWJlbmVzdC5pbyIsImV4cCI6MTc3MTQ4MzgyMiwidG9rZW5fdHlwZSI6ImFjY2VzcyJ9.0WOAp_LVU4v81cageaIQI-Z-N3N1trlq6qDGQLeIMHQ' from origin 'http://localhost:3002' has been blocked by CORS policy: No 'Access-Control-Allow-Origin' header is present on the requested resource. @ http://localhost:3002/projects/019c6b00-2caa-725a-b974-2fd911f8a024/workloads/new:0
[  164189ms] [ERROR] Failed to load resource: net::ERR_FAILED @ http://localhost:8000/api/v1/events/stream?token=eyJhbGciOiJIUzI1NiIsInR5cCI6IkpXVCJ9.eyJzdWIiOiJhZG1pbkBrdWJlbmVzdC5pbyIsImV4cCI6MTc3MTQ4MzgyMiwidG9rZW5fdHlwZSI6ImFjY2VzcyJ9.0WOAp_LVU4v81cageaIQI-Z-N3N1trlq6qDGQLeIMHQ:0
[  195109ms] [ERROR] Access to resource at 'http://localhost:8000/api/v1/events/stream?token=eyJhbGciOiJIUzI1NiIsInR5cCI6IkpXVCJ9.eyJzdWIiOiJhZG1pbkBrdWJlbmVzdC5pbyIsImV4cCI6MTc3MTQ4MzgyMiwidG9rZW5fdHlwZSI6ImFjY2VzcyJ9.0WOAp_LVU4v81cageaIQI-Z-N3N1trlq6qDGQLeIMHQ' from origin 'http://localhost:3002' has been blocked by CORS policy: No 'Access-Control-Allow-Origin' header is present on the requested resource. @ http://localhost:3002/projects/019c6b00-2caa-725a-b974-2fd911f8a024/workloads/new:0
[  195109ms] [ERROR] Failed to load resource: net::ERR_FAILED @ http://localhost:8000/api/v1/events/stream?token=eyJhbGciOiJIUzI1NiIsInR5cCI6IkpXVCJ9.eyJzdWIiOiJhZG1pbkBrdWJlbmVzdC5pbyIsImV4cCI6MTc3MTQ4MzgyMiwidG9rZW5fdHlwZSI6ImFjY2VzcyJ9.0WOAp_LVU4v81cageaIQI-Z-N3N1trlq6qDGQLeIMHQ:0
[  225864ms] [ERROR] Access to resource at 'http://localhost:8000/api/v1/events/stream?token=eyJhbGciOiJIUzI1NiIsInR5cCI6IkpXVCJ9.eyJzdWIiOiJhZG1pbkBrdWJlbmVzdC5pbyIsImV4cCI6MTc3MTQ4MzgyMiwidG9rZW5fdHlwZSI6ImFjY2VzcyJ9.0WOAp_LVU4v81cageaIQI-Z-N3N1trlq6qDGQLeIMHQ' from origin 'http://localhost:3002' has been blocked by CORS policy: No 'Access-Control-Allow-Origin' header is present on the requested resource. @ http://localhost:3002/projects/019c6b00-2caa-725a-b974-2fd911f8a024/workloads/new:0
[  225865ms] [ERROR] Failed to load resource: net::ERR_FAILED @ http://localhost:8000/api/v1/events/stream?token=eyJhbGciOiJIUzI1NiIsInR5cCI6IkpXVCJ9.eyJzdWIiOiJhZG1pbkBrdWJlbmVzdC5pbyIsImV4cCI6MTc3MTQ4MzgyMiwidG9rZW5fdHlwZSI6ImFjY2VzcyJ9.0WOAp_LVU4v81cageaIQI-Z-N3N1trlq6qDGQLeIMHQ:0
[ 2515970ms] [ERROR] Failed to load resource: the server responded with a status of 401 (Unauthorized) @ http://localhost:3002/api/v1/workloads?project_id=019c6b00-2caa-725a-b974-2fd911f8a024:0
[ 2515973ms] [ERROR] Failed to load resource: the server responded with a status of 401 (Unauthorized) @ http://localhost:3002/api/v1/clusters/019c6adf-1a45-7007-b5ea-a6fea5e36cc3:0
[ 2516003ms] [ERROR] Access to resource at 'http://localhost:8000/api/v1/events/stream?token=eyJhbGciOiJIUzI1NiIsInR5cCI6IkpXVCJ9.eyJzdWIiOiJhZG1pbkBrdWJlbmVzdC5pbyIsImV4cCI6MTc3MTQ4NjI5NSwidG9rZW5fdHlwZSI6ImFjY2VzcyJ9.z00P54dXcvL-eCVYNOzHHiF6VU4Dei6yGRDN2xPIY-0' from origin 'http://localhost:3002' has been blocked by CORS policy: No 'Access-Control-Allow-Origin' header is present on the requested resource. @ http://localhost:3002/projects/019c6b00-2caa-725a-b974-2fd911f8a024:0
[ 2516004ms] [ERROR] Failed to load resource: net::ERR_FAILED @ http://localhost:8000/api/v1/events/stream?token=eyJhbGciOiJIUzI1NiIsInR5cCI6IkpXVCJ9.eyJzdWIiOiJhZG1pbkBrdWJlbmVzdC5pbyIsImV4cCI6MTc3MTQ4NjI5NSwidG9rZW5fdHlwZSI6ImFjY2VzcyJ9.z00P54dXcvL-eCVYNOzHHiF6VU4Dei6yGRDN2xPIY-0:0
[ 3250308ms] [WARNING] [Fast Refresh] performing full reload

Fast Refresh will perform a full reload when you edit a file that's imported by modules outside of the React rendering tree.
You might have a file which exports a React component but also exports a value that is imported by a non-React component file.
Consider migrating the non-React component export to a separate file and importing it into both files.

It is also possible the parent component of the component you edited is a class component, which disables Fast Refresh.
Fast Refresh requires at least one parent function component in your React tree. @ http://localhost:3002/_next/static/chunks/node_modules_next_dist_7a8122d0._.js:2287
[ 3250314ms] [WARNING] [Fast Refresh] performing full reload

Fast Refresh will perform a full reload when you edit a file that's imported by modules outside of the React rendering tree.
You might have a file which exports a React component but also exports a value that is imported by a non-React component file.
Consider migrating the non-React component export to a separate file and importing it into both files.

It is also possible the parent component of the component you edited is a class component, which disables Fast Refresh.
Fast Refresh requires at least one parent function component in your React tree. @ http://localhost:3002/_next/static/chunks/node_modules_next_dist_7a8122d0._.js:2287
[ 3250808ms] Error: Could not parse module '[project]/components/layout/AppLayout.tsx', file not found
    at module evaluation (http://localhost:3002/_next/static/chunks/_40ea0cca._.js?id=%255Bproject%255D%252Fcomponents%252Flayout%252FAppLayout.tsx+%255Bapp-client%255D+%2528ecmascript%2529:3:11)
    at http://localhost:3002/_next/static/chunks/turbopack-_45210fd5._.js:855:13
    at runModuleExecutionHooks (http://localhost:3002/_next/static/chunks/turbopack-_45210fd5._.js:880:13)
    at instantiateModule (http://localhost:3002/_next/static/chunks/turbopack-_45210fd5._.js:853:9)
    at applyPhase (http://localhost:3002/_next/static/chunks/turbopack-_45210fd5._.js:1103:13)
    at applyInternal (http://localhost:3002/_next/static/chunks/turbopack-_45210fd5._.js:1189:5)
    at applyEcmascriptMergedUpdate (http://localhost:3002/_next/static/chunks/turbopack-_45210fd5._.js:1169:5)
    at applyChunkListUpdate (http://localhost:3002/_next/static/chunks/turbopack-_45210fd5._.js:1135:21)
    at applyUpdate (http://localhost:3002/_next/static/chunks/turbopack-_45210fd5._.js:1124:13)
    at handleApply (http://localhost:3002/_next/static/chunks/turbopack-_45210fd5._.js:1344:17)
    at triggerUpdate (http://localhost:3002/_next/static/chunks/%5Bturbopack%5D_browser_dev_hmr-client_hmr-client_ts_c8c997ce._.js:452:9)
    at applyAggregatedUpdates (http://localhost:3002/_next/static/chunks/%5Bturbopack%5D_browser_dev_hmr-client_hmr-client_ts_c8c997ce._.js:98:9)
    at http://localhost:3002/_next/static/chunks/%5Bturbopack%5D_browser_dev_hmr-client_hmr-client_ts_c8c997ce._.js:32:21
    at processTurbopackMessage (http://localhost:3002/_next/static/chunks/node_modules_next_dist_client_aaee43fe._.js:10188:13)
    at processMessage (http://localhost:3002/_next/static/chunks/node_modules_next_dist_client_aaee43fe._.js:10818:17)
    at WebSocket.handleMessage (http://localhost:3002/_next/static/chunks/node_modules_next_dist_client_aaee43fe._.js:10152:52)
[ 3251208ms] Error: Could not parse module '[project]/components/layout/AppLayout.tsx', file not found
    at module evaluation (http://localhost:3002/_next/static/chunks/_40ea0cca._.js:1419:11)
    at http://localhost:3002/_next/static/chunks/turbopack-_45210fd5._.js:855:13
    at runModuleExecutionHooks (http://localhost:3002/_next/static/chunks/turbopack-_45210fd5._.js:880:13)
    at instantiateModule (http://localhost:3002/_next/static/chunks/turbopack-_45210fd5._.js:853:9)
    at getOrInstantiateModuleFromParent (http://localhost:3002/_next/static/chunks/turbopack-_45210fd5._.js:806:12)
    at DevContext.commonJsRequire [as r] (http://localhost:3002/_next/static/chunks/turbopack-_45210fd5._.js:259:12)
    at requireModule (http://localhost:3002/_next/static/chunks/node_modules_next_dist_compiled_react-server-dom-turbopack_9212ccad._.js:85:84)
    at initializeModuleChunk (http://localhost:3002/_next/static/chunks/node_modules_next_dist_compiled_react-server-dom-turbopack_9212ccad._.js:1070:25)
    at readChunk (http://localhost:3002/_next/static/chunks/node_modules_next_dist_compiled_react-server-dom-turbopack_9212ccad._.js:811:17)
    at Object.react_stack_bottom_frame (http://localhost:3002/_next/static/chunks/node_modules_next_dist_compiled_react-dom_1e674e59._.js:14880:20)
    at resolveLazy (http://localhost:3002/_next/static/chunks/node_modules_next_dist_compiled_react-dom_1e674e59._.js:3889:20)
    at beginWork (http://localhost:3002/_next/static/chunks/node_modules_next_dist_compiled_react-dom_1e674e59._.js:6681:77)
    at runWithFiberInDEV (http://localhost:3002/_next/static/chunks/node_modules_next_dist_compiled_react-dom_1e674e59._.js:959:74)
    at performUnitOfWork (http://localhost:3002/_next/static/chunks/node_modules_next_dist_compiled_react-dom_1e674e59._.js:9556:97)
    at workLoopConcurrentByScheduler (http://localhost:3002/_next/static/chunks/node_modules_next_dist_compiled_react-dom_1e674e59._.js:9552:58)
    at renderRootConcurrent (http://localhost:3002/_next/static/chunks/node_modules_next_dist_compiled_react-dom_1e674e59._.js:9535:71)
    at performWorkOnRoot (http://localhost:3002/_next/static/chunks/node_modules_next_dist_compiled_react-dom_1e674e59._.js:9062:150)
    at performWorkOnRootViaSchedulerTask (http://localhost:3002/_next/static/chunks/node_modules_next_dist_compiled_react-dom_1e674e59._.js:10224:9)
    at MessagePort.performWorkUntilDeadline (http://localhost:3002/_next/static/chunks/node_modules_next_dist_compiled_a0e4c7b4._.js:2647:64)
